<?xml version="1.0" encoding="UTF-8"?>
<testng-results ignored="0" total="1" passed="1" failed="0" skipped="0">
  <reporter-output>
    <line>
      <![CDATA[<div "result">User opens Chrome (PASSED : 4s)</div>]]>
    </line>
    <line>
      <![CDATA[<div "result">User navigates to URL1 with MyStoreHomePageTitle_Text (PASSED : 2s)</div>]]>
    </line>
    <line>
      <![CDATA[<div "result">User clicks MyStoreSignIn_xpath (PASSED : 2s)</div>]]>
    </line>
    <line>
      <![CDATA[<div "result">User should see MyStoreCreateAccountText_xpath from examples Create an account (PASSED : 2s)</div>]]>
    </line>
    <line>
      <![CDATA[<div "result">User enters from dataSheet UserName in MyStoreLoginEmail_xpath Textfield (PASSED : 0s)</div>]]>
    </line>
    <line>
      <![CDATA[<div "result">User enters from dataSheet Password in MyStoreLoginPwd_xpath Textfield (PASSED : 0s)</div>]]>
    </line>
    <line>
      <![CDATA[<div "result">User clicks MyStoreAccSubmitButton_xpath (PASSED : 2s)</div>]]>
    </line>
    <line>
      <![CDATA[<div "result">User should see MyStoreAccLoginPageText_xpath from examples Welcome to your account. (PASSED : 2s)</div>]]>
    </line>
    <line>
      <![CDATA[<div "result">User enters from examples Blouse in MyStoreSearchField_xpath (PASSED : 0s)</div>]]>
    </line>
    <line>
      <![CDATA[<div "result">User clicks MyStoreSeachButton_xpath (PASSED : 2s)</div>]]>
    </line>
    <line>
      <![CDATA[<div "result">User should check Blouse in table MyStoreSearchResult_xpath (PASSED : 0s)</div>]]>
    </line>
    <line>
      <![CDATA[<div "result">User scrollMouseTo MyStoreSearchResult_xpath (PASSED : 0s)</div>]]>
    </line>
  </reporter-output>
  <suite started-at="2021-05-27T16:41:11Z" name="Surefire suite" finished-at="2021-05-27T16:41:35Z" duration-ms="24210">
    <groups>
      <group name="cucumber">
        <method signature="AbstractTestNGCucumberTests.runScenario(cucumber.api.testng.PickleEventWrapper, cucumber.api.testng.CucumberFeatureWrapper)[pri:0, instance:Parallel01IT@77888435]" name="runScenario" class="cucumber.api.testng.AbstractTestNGCucumberTests"/>
      </group> <!-- cucumber -->
    </groups>
    <test started-at="2021-05-27T16:41:11Z" name="Surefire test" finished-at="2021-05-27T16:41:35Z" duration-ms="24210">
      <class name="Parallel01IT">
        <test-method is-config="true" signature="setUpClass()[pri:0, instance:Parallel01IT@77888435]" started-at="2021-05-27T16:41:11Z" name="setUpClass" finished-at="2021-05-27T16:41:11Z" duration-ms="569" status="PASS">
          <reporter-output>
          </reporter-output>
        </test-method> <!-- setUpClass -->
        <test-method signature="runScenario(cucumber.api.testng.PickleEventWrapper, cucumber.api.testng.CucumberFeatureWrapper)[pri:0, instance:Parallel01IT@77888435]" started-at="2021-05-27T16:41:12Z" name="runScenario" description="Runs Cucumber Scenarios" data-provider="scenarios" finished-at="2021-05-27T16:41:35Z" duration-ms="23351" status="PASS">
          <params>
            <param index="0">
              <value>
                <![CDATA["My Store - Login"]]>
              </value>
            </param>
            <param index="1">
              <value>
                <![CDATA["As a user, I want to verify MyStore Website Login"]]>
              </value>
            </param>
          </params>
          <reporter-output>
            <line>
              <![CDATA[<div "result">User opens Chrome (PASSED : 4s)</div>]]>
            </line>
            <line>
              <![CDATA[<div "result">User navigates to URL1 with MyStoreHomePageTitle_Text (PASSED : 2s)</div>]]>
            </line>
            <line>
              <![CDATA[<div "result">User clicks MyStoreSignIn_xpath (PASSED : 2s)</div>]]>
            </line>
            <line>
              <![CDATA[<div "result">User should see MyStoreCreateAccountText_xpath from examples Create an account (PASSED : 2s)</div>]]>
            </line>
            <line>
              <![CDATA[<div "result">User enters from dataSheet UserName in MyStoreLoginEmail_xpath Textfield (PASSED : 0s)</div>]]>
            </line>
            <line>
              <![CDATA[<div "result">User enters from dataSheet Password in MyStoreLoginPwd_xpath Textfield (PASSED : 0s)</div>]]>
            </line>
            <line>
              <![CDATA[<div "result">User clicks MyStoreAccSubmitButton_xpath (PASSED : 2s)</div>]]>
            </line>
            <line>
              <![CDATA[<div "result">User should see MyStoreAccLoginPageText_xpath from examples Welcome to your account. (PASSED : 2s)</div>]]>
            </line>
            <line>
              <![CDATA[<div "result">User enters from examples Blouse in MyStoreSearchField_xpath (PASSED : 0s)</div>]]>
            </line>
            <line>
              <![CDATA[<div "result">User clicks MyStoreSeachButton_xpath (PASSED : 2s)</div>]]>
            </line>
            <line>
              <![CDATA[<div "result">User should check Blouse in table MyStoreSearchResult_xpath (PASSED : 0s)</div>]]>
            </line>
            <line>
              <![CDATA[<div "result">User scrollMouseTo MyStoreSearchResult_xpath (PASSED : 0s)</div>]]>
            </line>
          </reporter-output>
        </test-method> <!-- runScenario -->
        <test-method is-config="true" signature="tearDownClass()[pri:0, instance:Parallel01IT@77888435]" started-at="2021-05-27T16:41:35Z" name="tearDownClass" finished-at="2021-05-27T16:41:35Z" duration-ms="56" status="PASS">
          <reporter-output>
          </reporter-output>
        </test-method> <!-- tearDownClass -->
      </class> <!-- Parallel01IT -->
    </test> <!-- Surefire test -->
  </suite> <!-- Surefire suite -->
</testng-results>
